<?xml version="1.0" encoding="UTF-8"?>
<!-- Generated by org.testng.reporters.JUnitReportReporter -->
<testsuite hostname="Manasis-MacBook-Pro.local" failures="0" tests="5" name="com.ww.testcases.WeightWatchersTest" time="6.864" errors="0" timestamp="2020-11-01T21:51:56 PST" skipped="0">
  <testcase classname="com.ww.testcases.WeightWatchersTest" name="verifyHomePageTitle" time="0.302"/>
  <system-out/>
  <testcase classname="com.ww.testcases.WeightWatchersTest" name="verifyWorkshopTitle" time="2.416"/>
  <system-out/>
  <testcase classname="com.ww.testcases.WeightWatchersTest" name="verifyFirstSearchResult" time="3.224"/>
  <system-out/>
  <testcase classname="com.ww.testcases.WeightWatchersTest" name="printHoursOfOperation" time="0.851"/>
  <system-out/>
  <testcase classname="com.ww.testcases.WeightWatchersTest" name="printMeetings" time="0.071"/>
  <system-out/>
</testsuite> <!-- com.ww.testcases.WeightWatchersTest -->
